#
# There is insufficient memory for the Java Runtime Environment to continue.
# Native memory allocation (malloc) failed to allocate 1048576 bytes for AllocateHeap
# Possible reasons:
#   The system is out of physical RAM or swap space
#   In 32 bit mode, the process size limit was hit
# Possible solutions:
#   Reduce memory load on the system
#   Increase physical memory or swap space
#   Check if swap backing store is full
#   Use 64 bit Java on a 64 bit OS
#   Decrease Java heap size (-Xmx/-Xms)
#   Decrease number of Java threads
#   Decrease Java thread stack sizes (-Xss)
#   Set larger code cache with -XX:ReservedCodeCacheSize=
# This output file may be truncated or incomplete.
#
#  Out of Memory Error (memory/allocation.inline.hpp:61), pid=364, tid=0x000000000000284c
#
# JRE version:  (8.0_144-b01) (build )
# Java VM: Java HotSpot(TM) 64-Bit Server VM (25.144-b01 mixed mode windows-amd64 compressed oops)
# Failed to write core dump. Minidumps are not enabled by default on client versions of Windows
#

---------------  T H R E A D  ---------------

Current thread (0x00000000022b0800):  JavaThread "Unknown thread" [_thread_in_vm, id=10316, stack(0x00000000021b0000,0x00000000022b0000)]

Stack: [0x00000000021b0000,0x00000000022b0000]
[error occurred during error reporting (printing stack bounds), id 0xc0000005]

Native frames: (J=compiled Java code, j=interpreted, Vv=VM code, C=native code)


---------------  P R O C E S S  ---------------

Java Threads: ( => current thread )

Other Threads:

=>0x00000000022b0800 (exited) JavaThread "Unknown thread" [_thread_in_vm, id=10316, stack(0x00000000021b0000,0x00000000022b0000)]

VM state:not at safepoint (normal execution)

VM Mutex/Monitor currently owned by a thread: None

Heap:
 PSYoungGen      total 18944K, used 327K [0x00000000eab00000, 0x00000000ec000000, 0x0000000100000000)
  eden space 16384K, 2% used [0x00000000eab00000,0x00000000eab51ec8,0x00000000ebb00000)
  from space 2560K, 0% used [0x00000000ebd80000,0x00000000ebd80000,0x00000000ec000000)
  to   space 2560K, 0% used [0x00000000ebb00000,0x00000000ebb00000,0x00000000ebd80000)
 ParOldGen       total 44032K, used 0K [0x00000000c0000000, 0x00000000c2b00000, 0x00000000eab00000)
  object space 44032K, 0% used [0x00000000c0000000,0x00000000c0000000,0x00000000c2b00000)
 Metaspace       used 770K, capacity 4480K, committed 4480K, reserved 1056768K
  class space    used 75K, capacity 384K, committed 384K, reserved 1048576K

Card table byte_map: [0x0000000011770000,0x0000000011980000] byte_map_base: 0x0000000011170000

Marking Bits: (ParMarkBitMap*) 0x0000000051b1d850
 Begin Bits: [0x0000000011ee0000, 0x0000000012ee0000)
 End Bits:   [0x0000000012ee0000, 0x0000000013ee0000)

Polling page: 0x0000000000520000

CodeCache: size=245760Kb used=328Kb max_used=328Kb free=245431Kb
 bounds [0x00000000023b0000, 0x0000000002620000, 0x00000000113b0000]
 total_blobs=58 nmethods=0 adapters=38
 compilation: enabled

Compilation events (0 events):
No events

GC Heap History (0 events):
No events

Deoptimization events (0 events):
No events

Internal exceptions (0 events):
No events

Events (10 events):
Event: 0.170 loading class java/lang/Short
Event: 0.171 loading class java/lang/Short done
Event: 0.171 loading class java/lang/Integer
Event: 0.171 loading class java/lang/Integer done
Event: 0.171 loading class java/lang/Long
Event: 0.174 loading class java/lang/Long done
Event: 0.178 loading class java/lang/NullPointerException
Event: 0.179 loading class java/lang/NullPointerException done
Event: 0.179 loading class java/lang/ArithmeticException
Event: 0.179 loading class java/lang/ArithmeticException done


Dynamic libraries:
0x00007ff7f03d0000 - 0x00007ff7f0407000 	D:\Java\jdk1.8.0_144\bin\java.exe
0x00007ffc5d7f0000 - 0x00007ffc5d9b1000 	C:\WINDOWS\SYSTEM32\ntdll.dll
0x00007ffc5c890000 - 0x00007ffc5c93d000 	C:\WINDOWS\system32\KERNEL32.DLL
0x00007ffc5a3b0000 - 0x00007ffc5a598000 	C:\WINDOWS\system32\KERNELBASE.dll
0x00007ffc5d560000 - 0x00007ffc5d607000 	C:\WINDOWS\system32\ADVAPI32.dll
0x00007ffc5d170000 - 0x00007ffc5d20d000 	C:\WINDOWS\system32\msvcrt.dll
0x00007ffc5d490000 - 0x00007ffc5d4eb000 	C:\WINDOWS\system32\sechost.dll
0x00007ffc5cc00000 - 0x00007ffc5cd1c000 	C:\WINDOWS\system32\RPCRT4.dll
0x00007ffc5ac50000 - 0x00007ffc5ada6000 	C:\WINDOWS\system32\USER32.dll
0x00007ffc5adc0000 - 0x00007ffc5af46000 	C:\WINDOWS\system32\GDI32.dll
0x00007ffc4cf30000 - 0x00007ffc4d1a4000 	C:\WINDOWS\WinSxS\amd64_microsoft.windows.common-controls_6595b64144ccf1df_6.0.10586.0_none_8c15ae12515e1c22\COMCTL32.dll
0x00007ffc5d210000 - 0x00007ffc5d48d000 	C:\WINDOWS\system32\combase.dll
0x00007ffc5a0a0000 - 0x00007ffc5a10a000 	C:\WINDOWS\system32\bcryptPrimitives.dll
0x00007ffc5d6e0000 - 0x00007ffc5d71b000 	C:\WINDOWS\system32\IMM32.DLL
0x0000000051ba0000 - 0x0000000051c72000 	D:\Java\jdk1.8.0_144\jre\bin\msvcr100.dll
0x0000000051300000 - 0x0000000051b9d000 	D:\Java\jdk1.8.0_144\jre\bin\server\jvm.dll
0x00007ffc5c6c0000 - 0x00007ffc5c6c8000 	C:\WINDOWS\system32\PSAPI.DLL
0x00007ffc555a0000 - 0x00007ffc555a9000 	C:\WINDOWS\SYSTEM32\WSOCK32.dll
0x00007ffc5d4f0000 - 0x00007ffc5d55b000 	C:\WINDOWS\system32\WS2_32.dll
0x00007ffc58060000 - 0x00007ffc58083000 	C:\WINDOWS\SYSTEM32\WINMM.dll
0x00007ffc50d30000 - 0x00007ffc50d3a000 	C:\WINDOWS\SYSTEM32\VERSION.dll
0x00000000020d0000 - 0x00000000020fc000 	C:\WINDOWS\SYSTEM32\WINMMBASE.dll
0x00007ffc5a360000 - 0x00007ffc5a3a3000 	C:\WINDOWS\system32\cfgmgr32.dll
0x0000000052030000 - 0x000000005203f000 	D:\Java\jdk1.8.0_144\jre\bin\verify.dll
0x00000000512d0000 - 0x00000000512f9000 	D:\Java\jdk1.8.0_144\jre\bin\java.dll
0x0000000052010000 - 0x0000000052026000 	D:\Java\jdk1.8.0_144\jre\bin\zip.dll

VM Arguments:
jvm_args: -Djava.awt.headless=true -Xmx1024M -Dfile.encoding=windows-1252 -Duser.country=AU -Duser.language=en -Duser.variant 
java_command: com.android.dx.command.Main --dex --num-threads=4 --output E:\React Native\stacckinnovation\task3\app\android\app\build\intermediates\pre-dexed\debug\debug_6878a530db149351b08bb48e7acd9f2e23c46250.jar E:\React Native\stacckinnovation\task3\app\android\app\build\intermediates\classes\debug
java_class_path (initial): D:\Program Files (x86)\Android\android-sdk\build-tools\23.0.1\lib\dx.jar
Launcher Type: SUN_STANDARD

Environment Variables:
JAVA_HOME=D:\Java\jdk1.8.0_144
CLASSPATH=E:\React Native\stacckinnovation\task3\app\android\\gradle\wrapper\gradle-wrapper.jar
PATH=C:\ProgramData\Oracle\Java\javapath;C:\Program Files (x86)\Intel\iCLS Client\;C:\Program Files\Intel\iCLS Client\;C:\WINDOWS\system32;C:\WINDOWS;C:\WINDOWS\System32\Wbem;C:\WINDOWS\System32\WindowsPowerShell\v1.0\;C:\Program Files (x86)\Intel\Intel(R) Management Engine Components\DAL;C:\Program Files\Intel\Intel(R) Management Engine Components\DAL;C:\Program Files (x86)\Intel\Intel(R) Management Engine Components\IPT;C:\Program Files\Intel\Intel(R) Management Engine Components\IPT;D:\Program Files\nodejs\;d:\Program Files\Git\cmd;C:\Program Files (x86)\Skype\Phone\;C:\Users\MUBASHIR\AppData\Roaming\npm;d:\Program Files (x86)\Microsoft VS Code\bin;D:\Program Files (x86)\Android\android-sdk\platform-tools
USERNAME=MUBASHIR
OS=Windows_NT
PROCESSOR_IDENTIFIER=Intel64 Family 6 Model 61 Stepping 4, GenuineIntel



---------------  S Y S T E M  ---------------

OS: Windows 10.0 , 64 bit Build 10586 (10.0.10586.0)

CPU:total 4 (initial active 4) (2 cores per cpu, 2 threads per core) family 6 model 61 stepping 4, cmov, cx8, fxsr, mmx, sse, sse2, sse3, ssse3, sse4.1, sse4.2, popcnt, avx, avx2, aes, clmul, erms, 3dnowpref, lzcnt, ht, tsc, tscinvbit, bmi1, bmi2, adx

Memory: 4k page, physical 4107980k(281156k free), swap 8203980k(5364k free)

vm_info: Java HotSpot(TM) 64-Bit Server VM (25.144-b01) for windows-amd64 JRE (1.8.0_144-b01), built on Jul 21 2017 21:57:33 by "java_re" with MS VC++ 10.0 (VS2010)

time: Wed Sep 20 13:51:49 2017
elapsed time: 0 seconds (0d 0h 0m 0s)

