#
# There is insufficient memory for the Java Runtime Environment to continue.
# Native memory allocation (malloc) failed to allocate 2267216 bytes for Chunk::new
# Possible reasons:
#   The system is out of physical RAM or swap space
#   In 32 bit mode, the process size limit was hit
# Possible solutions:
#   Reduce memory load on the system
#   Increase physical memory or swap space
#   Check if swap backing store is full
#   Use 64 bit Java on a 64 bit OS
#   Decrease Java heap size (-Xmx/-Xms)
#   Decrease number of Java threads
#   Decrease Java thread stack sizes (-Xss)
#   Set larger code cache with -XX:ReservedCodeCacheSize=
# This output file may be truncated or incomplete.
#
#  Out of Memory Error (allocation.cpp:390), pid=5972, tid=0x00000000000023ac
#
# JRE version: Java(TM) SE Runtime Environment (8.0_144-b01) (build 1.8.0_144-b01)
# Java VM: Java HotSpot(TM) 64-Bit Server VM (25.144-b01 mixed mode windows-amd64 compressed oops)
# Failed to write core dump. Minidumps are not enabled by default on client versions of Windows
#

---------------  T H R E A D  ---------------

Current thread (0x0000000014981800):  JavaThread "C2 CompilerThread1" daemon [_thread_in_native, id=9132, stack(0x00000000160c0000,0x00000000161c0000)]

Stack: [0x00000000160c0000,0x00000000161c0000]
[error occurred during error reporting (printing stack bounds), id 0xc0000005]

Native frames: (J=compiled Java code, j=interpreted, Vv=VM code, C=native code)


Current CompileTask:
C2:  15249 1099   !   4       java.net.URLClassLoader$1::run (63 bytes)


---------------  P R O C E S S  ---------------

Java Threads: ( => current thread )
  0x0000000018700800 JavaThread "pool-1-thread-1" [_thread_blocked, id=2400, stack(0x00000000170c0000,0x00000000171c0000)]
  0x00000000162dd000 JavaThread "Service Thread" daemon [_thread_blocked, id=2796, stack(0x00000000166c0000,0x00000000167c0000)]
  0x0000000014984000 JavaThread "C1 CompilerThread2" daemon [_thread_blocked, id=6792, stack(0x00000000161c0000,0x00000000162c0000)]
=>0x0000000014981800 JavaThread "C2 CompilerThread1" daemon [_thread_in_native, id=9132, stack(0x00000000160c0000,0x00000000161c0000)]
  0x000000001497f000 JavaThread "C2 CompilerThread0" daemon [_thread_in_native, id=4588, stack(0x0000000015fc0000,0x00000000160c0000)]
  0x000000001497d800 JavaThread "Attach Listener" daemon [_thread_blocked, id=3960, stack(0x0000000015ec0000,0x0000000015fc0000)]
  0x000000001497c000 JavaThread "Signal Dispatcher" daemon [_thread_blocked, id=4436, stack(0x0000000015dc0000,0x0000000015ec0000)]
  0x0000000014969000 JavaThread "Finalizer" daemon [_thread_blocked, id=6200, stack(0x0000000015be0000,0x0000000015ce0000)]
  0x0000000002361000 JavaThread "Reference Handler" daemon [_thread_blocked, id=3320, stack(0x0000000015ae0000,0x0000000015be0000)]
  0x0000000002271000 JavaThread "main" [_thread_in_native, id=4252, stack(0x0000000002070000,0x0000000002170000)]

Other Threads:
  0x0000000014948000 VMThread [stack: 0x00000000159e0000,0x0000000015ae0000] [id=5700]
  0x0000000016302800 WatcherThread [stack: 0x00000000167c0000,0x00000000168c0000] [id=1964]

VM state:not at safepoint (normal execution)

VM Mutex/Monitor currently owned by a thread: None

Heap:
 PSYoungGen      total 23040K, used 11622K [0x00000000eb180000, 0x00000000ece80000, 0x0000000100000000)
  eden space 16384K, 40% used [0x00000000eb180000,0x00000000eb8099c8,0x00000000ec180000)
  from space 6656K, 74% used [0x00000000ec800000,0x00000000eccd0190,0x00000000ece80000)
  to   space 6656K, 0% used [0x00000000ec180000,0x00000000ec180000,0x00000000ec800000)
 ParOldGen       total 44032K, used 8088K [0x00000000c1400000, 0x00000000c3f00000, 0x00000000eb180000)
  object space 44032K, 18% used [0x00000000c1400000,0x00000000c1be6298,0x00000000c3f00000)
 Metaspace       used 18096K, capacity 18362K, committed 18688K, reserved 1067008K
  class space    used 2400K, capacity 2476K, committed 2560K, reserved 1048576K

Card table byte_map: [0x0000000011730000,0x0000000011930000] byte_map_base: 0x0000000011126000

Marking Bits: (ParMarkBitMap*) 0x000000005b2ed850
 Begin Bits: [0x0000000011e80000, 0x0000000012e30000)
 End Bits:   [0x0000000012e30000, 0x0000000013de0000)

Polling page: 0x0000000000530000

CodeCache: size=245760Kb used=5496Kb max_used=5496Kb free=240263Kb
 bounds [0x0000000002370000, 0x00000000028e0000, 0x0000000011370000]
 total_blobs=1863 nmethods=1258 adapters=517
 compilation: enabled

Compilation events (10 events):
Event: 15.116 Thread 0x0000000014984000 1204       3       java.beans.FeatureDescriptor::setName (6 bytes)
Event: 15.116 Thread 0x0000000014984000 nmethod 1204 0x000000000279fb10 code [0x000000000279fc60, 0x000000000279fdd0]
Event: 15.117 Thread 0x0000000014984000 1205       3       java.util.regex.Matcher::search (109 bytes)
Event: 15.117 Thread 0x0000000014984000 nmethod 1205 0x000000000279fe50 code [0x000000000279ffe0, 0x00000000027a03e8]
Event: 15.117 Thread 0x0000000014984000 1208       3       com.sun.beans.TypeResolver::resolve (37 bytes)
Event: 15.118 Thread 0x0000000014984000 nmethod 1208 0x00000000027a0550 code [0x00000000027a06e0, 0x00000000027a0b08]
Event: 15.118 Thread 0x0000000014984000 1206       3       java.beans.MethodRef::<init> (5 bytes)
Event: 15.118 Thread 0x0000000014984000 nmethod 1206 0x00000000027a0cd0 code [0x00000000027a0e20, 0x00000000027a0fd0]
Event: 15.118 Thread 0x0000000014984000 1207       3       java.beans.MethodRef::set (58 bytes)
Event: 15.119 Thread 0x0000000014984000 nmethod 1207 0x00000000027a1090 code [0x00000000027a1280, 0x00000000027a1f58]

GC Heap History (10 events):
Event: 4.249 GC heap after
Heap after GC invocations=1 (full 0):
 PSYoungGen      total 18944K, used 2557K [0x00000000eb180000, 0x00000000ec680000, 0x0000000100000000)
  eden space 16384K, 0% used [0x00000000eb180000,0x00000000eb180000,0x00000000ec180000)
  from space 2560K, 99% used [0x00000000ec180000,0x00000000ec3ff668,0x00000000ec400000)
  to   space 2560K, 0% used [0x00000000ec400000,0x00000000ec400000,0x00000000ec680000)
 ParOldGen       total 44032K, used 673K [0x00000000c1400000, 0x00000000c3f00000, 0x00000000eb180000)
  object space 44032K, 1% used [0x00000000c1400000,0x00000000c14a8770,0x00000000c3f00000)
 Metaspace       used 7031K, capacity 7216K, committed 7424K, reserved 1056768K
  class space    used 899K, capacity 960K, committed 1024K, reserved 1048576K
}
Event: 7.565 GC heap before
{Heap before GC invocations=2 (full 0):
 PSYoungGen      total 18944K, used 18941K [0x00000000eb180000, 0x00000000ec680000, 0x0000000100000000)
  eden space 16384K, 100% used [0x00000000eb180000,0x00000000ec180000,0x00000000ec180000)
  from space 2560K, 99% used [0x00000000ec180000,0x00000000ec3ff668,0x00000000ec400000)
  to   space 2560K, 0% used [0x00000000ec400000,0x00000000ec400000,0x00000000ec680000)
 ParOldGen       total 44032K, used 673K [0x00000000c1400000, 0x00000000c3f00000, 0x00000000eb180000)
  object space 44032K, 1% used [0x00000000c1400000,0x00000000c14a8770,0x00000000c3f00000)
 Metaspace       used 8818K, capacity 9008K, committed 9216K, reserved 1056768K
  class space    used 1161K, capacity 1216K, committed 1280K, reserved 1048576K
Event: 7.569 GC heap after
Heap after GC invocations=2 (full 0):
 PSYoungGen      total 18944K, used 2539K [0x00000000eb180000, 0x00000000ec680000, 0x0000000100000000)
  eden space 16384K, 0% used [0x00000000eb180000,0x00000000eb180000,0x00000000ec180000)
  from space 2560K, 99% used [0x00000000ec400000,0x00000000ec67ae40,0x00000000ec680000)
  to   space 2560K, 0% used [0x00000000ec180000,0x00000000ec180000,0x00000000ec400000)
 ParOldGen       total 44032K, used 1529K [0x00000000c1400000, 0x00000000c3f00000, 0x00000000eb180000)
  object space 44032K, 3% used [0x00000000c1400000,0x00000000c157e468,0x00000000c3f00000)
 Metaspace       used 8818K, capacity 9008K, committed 9216K, reserved 1056768K
  class space    used 1161K, capacity 1216K, committed 1280K, reserved 1048576K
}
Event: 12.472 GC heap before
{Heap before GC invocations=3 (full 0):
 PSYoungGen      total 18944K, used 18923K [0x00000000eb180000, 0x00000000ec680000, 0x0000000100000000)
  eden space 16384K, 100% used [0x00000000eb180000,0x00000000ec180000,0x00000000ec180000)
  from space 2560K, 99% used [0x00000000ec400000,0x00000000ec67ae40,0x00000000ec680000)
  to   space 2560K, 0% used [0x00000000ec180000,0x00000000ec180000,0x00000000ec400000)
 ParOldGen       total 44032K, used 1529K [0x00000000c1400000, 0x00000000c3f00000, 0x00000000eb180000)
  object space 44032K, 3% used [0x00000000c1400000,0x00000000c157e468,0x00000000c3f00000)
 Metaspace       used 9341K, capacity 9608K, committed 9856K, reserved 1058816K
  class space    used 1264K, capacity 1352K, committed 1408K, reserved 1048576K
Event: 12.477 GC heap after
Heap after GC invocations=3 (full 0):
 PSYoungGen      total 18944K, used 2528K [0x00000000eb180000, 0x00000000ec680000, 0x0000000100000000)
  eden space 16384K, 0% used [0x00000000eb180000,0x00000000eb180000,0x00000000ec180000)
  from space 2560K, 98% used [0x00000000ec180000,0x00000000ec3f8040,0x00000000ec400000)
  to   space 2560K, 0% used [0x00000000ec400000,0x00000000ec400000,0x00000000ec680000)
 ParOldGen       total 44032K, used 2162K [0x00000000c1400000, 0x00000000c3f00000, 0x00000000eb180000)
  object space 44032K, 4% used [0x00000000c1400000,0x00000000c161c9b0,0x00000000c3f00000)
 Metaspace       used 9341K, capacity 9608K, committed 9856K, reserved 1058816K
  class space    used 1264K, capacity 1352K, committed 1408K, reserved 1048576K
}
Event: 13.204 GC heap before
{Heap before GC invocations=4 (full 0):
 PSYoungGen      total 18944K, used 18903K [0x00000000eb180000, 0x00000000ec680000, 0x0000000100000000)
  eden space 16384K, 99% used [0x00000000eb180000,0x00000000ec17de30,0x00000000ec180000)
  from space 2560K, 98% used [0x00000000ec180000,0x00000000ec3f8040,0x00000000ec400000)
  to   space 2560K, 0% used [0x00000000ec400000,0x00000000ec400000,0x00000000ec680000)
 ParOldGen       total 44032K, used 2162K [0x00000000c1400000, 0x00000000c3f00000, 0x00000000eb180000)
  object space 44032K, 4% used [0x00000000c1400000,0x00000000c161c9b0,0x00000000c3f00000)
 Metaspace       used 11441K, capacity 11656K, committed 11776K, reserved 1058816K
  class space    used 1590K, capacity 1672K, committed 1792K, reserved 1048576K
Event: 13.210 GC heap after
Heap after GC invocations=4 (full 0):
 PSYoungGen      total 18944K, used 2547K [0x00000000eb180000, 0x00000000ec680000, 0x0000000100000000)
  eden space 16384K, 0% used [0x00000000eb180000,0x00000000eb180000,0x00000000ec180000)
  from space 2560K, 99% used [0x00000000ec400000,0x00000000ec67cf98,0x00000000ec680000)
  to   space 2560K, 0% used [0x00000000ec180000,0x00000000ec180000,0x00000000ec400000)
 ParOldGen       total 44032K, used 4211K [0x00000000c1400000, 0x00000000c3f00000, 0x00000000eb180000)
  object space 44032K, 9% used [0x00000000c1400000,0x00000000c181cd20,0x00000000c3f00000)
 Metaspace       used 11441K, capacity 11656K, committed 11776K, reserved 1058816K
  class space    used 1590K, capacity 1672K, committed 1792K, reserved 1048576K
}
Event: 14.218 GC heap before
{Heap before GC invocations=5 (full 0):
 PSYoungGen      total 18944K, used 18931K [0x00000000eb180000, 0x00000000ec680000, 0x0000000100000000)
  eden space 16384K, 100% used [0x00000000eb180000,0x00000000ec180000,0x00000000ec180000)
  from space 2560K, 99% used [0x00000000ec400000,0x00000000ec67cf98,0x00000000ec680000)
  to   space 2560K, 0% used [0x00000000ec180000,0x00000000ec180000,0x00000000ec400000)
 ParOldGen       total 44032K, used 4211K [0x00000000c1400000, 0x00000000c3f00000, 0x00000000eb180000)
  object space 44032K, 9% used [0x00000000c1400000,0x00000000c181cd20,0x00000000c3f00000)
 Metaspace       used 15356K, capacity 15592K, committed 15744K, reserved 1062912K
  class space    used 2077K, capacity 2152K, committed 2176K, reserved 1048576K
Event: 14.226 GC heap after
Heap after GC invocations=5 (full 0):
 PSYoungGen      total 18944K, used 2544K [0x00000000eb180000, 0x00000000ece80000, 0x0000000100000000)
  eden space 16384K, 0% used [0x00000000eb180000,0x00000000eb180000,0x00000000ec180000)
  from space 2560K, 99% used [0x00000000ec180000,0x00000000ec3fc030,0x00000000ec400000)
  to   space 6656K, 0% used [0x00000000ec800000,0x00000000ec800000,0x00000000ece80000)
 ParOldGen       total 44032K, used 8080K [0x00000000c1400000, 0x00000000c3f00000, 0x00000000eb180000)
  object space 44032K, 18% used [0x00000000c1400000,0x00000000c1be4298,0x00000000c3f00000)
 Metaspace       used 15356K, capacity 15592K, committed 15744K, reserved 1062912K
  class space    used 2077K, capacity 2152K, committed 2176K, reserved 1048576K
}
Event: 15.120 GC heap before
{Heap before GC invocations=6 (full 0):
 PSYoungGen      total 18944K, used 18928K [0x00000000eb180000, 0x00000000ece80000, 0x0000000100000000)
  eden space 16384K, 100% used [0x00000000eb180000,0x00000000ec180000,0x00000000ec180000)
  from space 2560K, 99% used [0x00000000ec180000,0x00000000ec3fc030,0x00000000ec400000)
  to   space 6656K, 0% used [0x00000000ec800000,0x00000000ec800000,0x00000000ece80000)
 ParOldGen       total 44032K, used 8080K [0x00000000c1400000, 0x00000000c3f00000, 0x00000000eb180000)
  object space 44032K, 18% used [0x00000000c1400000,0x00000000c1be4298,0x00000000c3f00000)
 Metaspace       used 17306K, capacity 17594K, committed 17920K, reserved 1064960K
  class space    used 2378K, capacity 2476K, committed 2560K, reserved 1048576K

Deoptimization events (10 events):
Event: 14.450 Thread 0x0000000002271000 Uncommon trap: reason=unstable_if action=reinterpret pc=0x0000000002618c4c method=java.lang.AbstractStringBuilder.append(Ljava/lang/String;)Ljava/lang/AbstractStringBuilder; @ 1
Event: 14.450 Thread 0x0000000002271000 Uncommon trap: reason=unstable_if action=reinterpret pc=0x0000000002599c60 method=java.lang.AbstractStringBuilder.append(Ljava/lang/String;)Ljava/lang/AbstractStringBuilder; @ 1
Event: 15.021 Thread 0x0000000002271000 Uncommon trap: reason=bimorphic action=maybe_recompile pc=0x000000000269be8c method=java.lang.ClassLoader.loadClass(Ljava/lang/String;Z)Ljava/lang/Class; @ 38
Event: 15.021 Thread 0x0000000002271000 Uncommon trap: reason=bimorphic action=maybe_recompile pc=0x000000000269be8c method=java.lang.ClassLoader.loadClass(Ljava/lang/String;Z)Ljava/lang/Class; @ 38
Event: 15.024 Thread 0x0000000002271000 Uncommon trap: reason=class_check action=maybe_recompile pc=0x000000000254b830 method=sun.misc.URLClassPath.getLoader(I)Lsun/misc/URLClassPath$Loader; @ 94
Event: 15.024 Thread 0x0000000002271000 Uncommon trap: reason=class_check action=maybe_recompile pc=0x00000000025bc7ec method=sun.misc.URLClassPath.getResource(Ljava/lang/String;Z)Lsun/misc/Resource; @ 62
Event: 15.037 Thread 0x0000000002271000 Uncommon trap: reason=bimorphic action=maybe_recompile pc=0x000000000269be8c method=java.lang.ClassLoader.loadClass(Ljava/lang/String;Z)Ljava/lang/Class; @ 38
Event: 15.037 Thread 0x0000000002271000 Uncommon trap: reason=bimorphic action=maybe_recompile pc=0x000000000269be8c method=java.lang.ClassLoader.loadClass(Ljava/lang/String;Z)Ljava/lang/Class; @ 38
Event: 15.066 Thread 0x0000000002271000 Uncommon trap: reason=class_check action=maybe_recompile pc=0x000000000254b9d0 method=sun.misc.URLClassPath.getLoader(I)Lsun/misc/URLClassPath$Loader; @ 239
Event: 15.080 Thread 0x0000000002271000 Uncommon trap: reason=class_check action=maybe_recompile pc=0x000000000254b9d0 method=sun.misc.URLClassPath.getLoader(I)Lsun/misc/URLClassPath$Loader; @ 239

Internal exceptions (10 events):
Event: 15.072 Thread 0x0000000002271000 Exception <a 'java/lang/ClassNotFoundException': org/gradle/groovy/scripts/ScriptCustomizer> (0x00000000ebeed670) thrown at [C:\re\workspace\8-2-build-windows-amd64-cygwin\jdk8u144\9417\hotspot\src\share\vm\classfile\systemDictionary.cpp, line 210]
Event: 15.073 Thread 0x0000000002271000 Exception <a 'java/lang/ClassNotFoundException': org/gradle/groovy/scripts/BasicScriptCustomizer> (0x00000000ebf050b0) thrown at [C:\re\workspace\8-2-build-windows-amd64-cygwin\jdk8u144\9417\hotspot\src\share\vm\classfile\systemDictionary.cpp, line 210]
Event: 15.075 Thread 0x0000000002271000 Exception <a 'java/lang/ClassNotFoundException': org/gradle/groovy/scripts/DefaultScriptCustomizer> (0x00000000ebf1eee0) thrown at [C:\re\workspace\8-2-build-windows-amd64-cygwin\jdk8u144\9417\hotspot\src\share\vm\classfile\systemDictionary.cpp, line 210]
Event: 15.079 Thread 0x0000000002271000 Exception <a 'java/lang/ClassNotFoundException': org/gradle/initialization/SettingsScriptCustomizer> (0x00000000ebf50788) thrown at [C:\re\workspace\8-2-build-windows-amd64-cygwin\jdk8u144\9417\hotspot\src\share\vm\classfile\systemDictionary.cpp, line 210
Event: 15.081 Thread 0x0000000002271000 Exception <a 'java/lang/ClassNotFoundException': settings_ec0p7152d422t0bj3o4hw2o93Customizer> (0x00000000ebf611c0) thrown at [C:\re\workspace\8-2-build-windows-amd64-cygwin\jdk8u144\9417\hotspot\src\share\vm\classfile\systemDictionary.cpp, line 210]
Event: 15.112 Thread 0x0000000002271000 Exception <a 'java/lang/ClassNotFoundException': groovy/lang/GroovyObjectBeanInfo> (0x00000000ec0df5c0) thrown at [C:\re\workspace\8-2-build-windows-amd64-cygwin\jdk8u144\9417\hotspot\src\share\vm\classfile\systemDictionary.cpp, line 210]
Event: 15.112 Thread 0x0000000002271000 Exception <a 'java/lang/ClassNotFoundException': groovy/lang/GroovyObjectCustomizer> (0x00000000ec0f4b18) thrown at [C:\re\workspace\8-2-build-windows-amd64-cygwin\jdk8u144\9417\hotspot\src\share\vm\classfile\systemDictionary.cpp, line 210]
Event: 15.115 Thread 0x0000000002271000 Exception <a 'java/lang/ClassNotFoundException': org/gradle/api/ScriptBeanInfo> (0x00000000ec117610) thrown at [C:\re\workspace\8-2-build-windows-amd64-cygwin\jdk8u144\9417\hotspot\src\share\vm\classfile\systemDictionary.cpp, line 210]
Event: 15.116 Thread 0x0000000002271000 Exception <a 'java/lang/ClassNotFoundException': org/gradle/api/ScriptCustomizer> (0x00000000ec12c208) thrown at [C:\re\workspace\8-2-build-windows-amd64-cygwin\jdk8u144\9417\hotspot\src\share\vm\classfile\systemDictionary.cpp, line 210]
Event: 15.119 Thread 0x0000000002271000 Exception <a 'java/lang/ClassNotFoundException': org/gradle/api/internal/file/FileOperationsBeanInfo> (0x00000000ec1679c8) thrown at [C:\re\workspace\8-2-build-windows-amd64-cygwin\jdk8u144\9417\hotspot\src\share\vm\classfile\systemDictionary.cpp, line 21

Events (10 events):
Event: 15.118 loading class org/gradle/api/internal/file/FileOperationsBeanInfo done
Event: 15.119 loading class org/gradle/api/internal/file/FileOperationsBeanInfo
Event: 15.119 loading class org/gradle/api/internal/file/FileOperationsBeanInfo done
Event: 15.119 loading class org/gradle/api/internal/file/FileOperationsCustomizer
Event: 15.119 loading class org/gradle/api/internal/file/FileOperationsCustomizer done
Event: 15.119 loading class org/gradle/api/internal/file/FileOperationsCustomizer
Event: 15.119 loading class org/gradle/api/internal/file/FileOperationsCustomizer done
Event: 15.120 loading class org/gradle/api/internal/file/FileOperationsCustomizer
Event: 15.120 loading class org/gradle/api/internal/file/FileOperationsCustomizer done
Event: 15.120 Executing VM operation: ParallelGCFailedAllocation


Dynamic libraries:
0x00007ff6c4b90000 - 0x00007ff6c4bc7000 	D:\Java\jdk1.8.0_144\bin\java.exe
0x00007ffc4ebe0000 - 0x00007ffc4eda1000 	C:\WINDOWS\SYSTEM32\ntdll.dll
0x00007ffc4e650000 - 0x00007ffc4e6fd000 	C:\WINDOWS\system32\KERNEL32.DLL
0x00007ffc4bcb0000 - 0x00007ffc4be98000 	C:\WINDOWS\system32\KERNELBASE.dll
0x00007ffc4e860000 - 0x00007ffc4e907000 	C:\WINDOWS\system32\ADVAPI32.dll
0x00007ffc4cc10000 - 0x00007ffc4ccad000 	C:\WINDOWS\system32\msvcrt.dll
0x00007ffc4eb80000 - 0x00007ffc4ebdb000 	C:\WINDOWS\system32\sechost.dll
0x00007ffc4c0f0000 - 0x00007ffc4c20c000 	C:\WINDOWS\system32\RPCRT4.dll
0x00007ffc4e700000 - 0x00007ffc4e856000 	C:\WINDOWS\system32\USER32.dll
0x00007ffc4c360000 - 0x00007ffc4c4e6000 	C:\WINDOWS\system32\GDI32.dll
0x00007ffc3fed0000 - 0x00007ffc40144000 	C:\WINDOWS\WinSxS\amd64_microsoft.windows.common-controls_6595b64144ccf1df_6.0.10586.0_none_8c15ae12515e1c22\COMCTL32.dll
0x00007ffc4c930000 - 0x00007ffc4cbad000 	C:\WINDOWS\system32\combase.dll
0x00007ffc4b940000 - 0x00007ffc4b9aa000 	C:\WINDOWS\system32\bcryptPrimitives.dll
0x00007ffc4e9d0000 - 0x00007ffc4ea0b000 	C:\WINDOWS\system32\IMM32.DLL
0x000000005b370000 - 0x000000005b442000 	D:\Java\jdk1.8.0_144\jre\bin\msvcr100.dll
0x000000005aad0000 - 0x000000005b36d000 	D:\Java\jdk1.8.0_144\jre\bin\server\jvm.dll
0x00007ffc4e9c0000 - 0x00007ffc4e9c8000 	C:\WINDOWS\system32\PSAPI.DLL
0x00007ffc40ca0000 - 0x00007ffc40caa000 	C:\WINDOWS\SYSTEM32\VERSION.dll
0x00007ffc443d0000 - 0x00007ffc443d9000 	C:\WINDOWS\SYSTEM32\WSOCK32.dll
0x00007ffc49d60000 - 0x00007ffc49d83000 	C:\WINDOWS\SYSTEM32\WINMM.dll
0x00007ffc4c070000 - 0x00007ffc4c0db000 	C:\WINDOWS\system32\WS2_32.dll
0x00007ffc3c070000 - 0x00007ffc3c09c000 	C:\WINDOWS\SYSTEM32\winmmbase.dll
0x00007ffc4ba90000 - 0x00007ffc4bad3000 	C:\WINDOWS\system32\cfgmgr32.dll
0x000000005b530000 - 0x000000005b53f000 	D:\Java\jdk1.8.0_144\jre\bin\verify.dll
0x000000005aaa0000 - 0x000000005aac9000 	D:\Java\jdk1.8.0_144\jre\bin\java.dll
0x000000005aa80000 - 0x000000005aa96000 	D:\Java\jdk1.8.0_144\jre\bin\zip.dll
0x00007ffc4d090000 - 0x00007ffc4e5ec000 	C:\WINDOWS\system32\SHELL32.dll
0x00007ffc4b290000 - 0x00007ffc4b8d5000 	C:\WINDOWS\system32\windows.storage.dll
0x00007ffc4e5f0000 - 0x00007ffc4e642000 	C:\WINDOWS\system32\shlwapi.dll
0x00007ffc4b270000 - 0x00007ffc4b27f000 	C:\WINDOWS\system32\kernel.appcore.dll
0x00007ffc4b9d0000 - 0x00007ffc4ba85000 	C:\WINDOWS\system32\shcore.dll
0x00007ffc4b220000 - 0x00007ffc4b26b000 	C:\WINDOWS\system32\powrprof.dll
0x00007ffc4b200000 - 0x00007ffc4b214000 	C:\WINDOWS\system32\profapi.dll
0x000000005aa60000 - 0x000000005aa7a000 	D:\Java\jdk1.8.0_144\jre\bin\net.dll
0x00007ffc4aad0000 - 0x00007ffc4ab2c000 	C:\WINDOWS\system32\mswsock.dll
0x000000005aa40000 - 0x000000005aa51000 	D:\Java\jdk1.8.0_144\jre\bin\nio.dll
0x00007ffc35050000 - 0x00007ffc35062000 	C:\Users\MUBASHIR\.gradle\native\19\windows-amd64\native-platform.dll
0x0000000180000000 - 0x0000000180037000 	C:\Users\MUBASHIR\.gradle\native\jna\win32-amd64\jnidispatch.dll
0x00007ffc4ab80000 - 0x00007ffc4ab97000 	C:\WINDOWS\SYSTEM32\CRYPTSP.dll
0x00007ffc4a810000 - 0x00007ffc4a844000 	C:\WINDOWS\system32\rsaenh.dll
0x00007ffc4b130000 - 0x00007ffc4b159000 	C:\WINDOWS\SYSTEM32\bcrypt.dll
0x00007ffc4a960000 - 0x00007ffc4a97f000 	C:\WINDOWS\SYSTEM32\USERENV.dll
0x00007ffc4aca0000 - 0x00007ffc4acab000 	C:\WINDOWS\SYSTEM32\CRYPTBASE.dll
0x00007ffc443e0000 - 0x00007ffc44418000 	C:\WINDOWS\SYSTEM32\IPHLPAPI.DLL
0x00007ffc4c920000 - 0x00007ffc4c928000 	C:\WINDOWS\system32\NSI.dll
0x00007ffc43760000 - 0x00007ffc43776000 	C:\WINDOWS\SYSTEM32\dhcpcsvc6.DLL
0x00007ffc43af0000 - 0x00007ffc43b0a000 	C:\WINDOWS\SYSTEM32\dhcpcsvc.DLL
0x000000005aa30000 - 0x000000005aa3d000 	D:\Java\jdk1.8.0_144\jre\bin\management.dll

VM Arguments:
jvm_args: -Dorg.gradle.appname=gradlew 
java_command: org.gradle.wrapper.GradleWrapperMain installDebug
java_class_path (initial): E:\React Native\practice\practice\android\\gradle\wrapper\gradle-wrapper.jar
Launcher Type: SUN_STANDARD

Environment Variables:
JAVA_HOME=D:\Java\jdk1.8.0_144
CLASSPATH=E:\React Native\practice\practice\android\\gradle\wrapper\gradle-wrapper.jar
PATH=C:\ProgramData\Oracle\Java\javapath;C:\Program Files (x86)\Intel\iCLS Client\;C:\Program Files\Intel\iCLS Client\;C:\WINDOWS\system32;C:\WINDOWS;C:\WINDOWS\System32\Wbem;C:\WINDOWS\System32\WindowsPowerShell\v1.0\;C:\Program Files (x86)\Intel\Intel(R) Management Engine Components\DAL;C:\Program Files\Intel\Intel(R) Management Engine Components\DAL;C:\Program Files (x86)\Intel\Intel(R) Management Engine Components\IPT;C:\Program Files\Intel\Intel(R) Management Engine Components\IPT;D:\Program Files\nodejs\;d:\Program Files\Git\cmd;C:\Program Files (x86)\Skype\Phone\;C:\Users\MUBASHIR\AppData\Roaming\npm;d:\Program Files (x86)\Microsoft VS Code\bin;D:\Program Files (x86)\Android\android-sdk\platform-tools
USERNAME=MUBASHIR
OS=Windows_NT
PROCESSOR_IDENTIFIER=Intel64 Family 6 Model 61 Stepping 4, GenuineIntel



---------------  S Y S T E M  ---------------

OS: Windows 10.0 , 64 bit Build 10586 (10.0.10586.0)

CPU:total 4 (initial active 4) (2 cores per cpu, 2 threads per core) family 6 model 61 stepping 4, cmov, cx8, fxsr, mmx, sse, sse2, sse3, ssse3, sse4.1, sse4.2, popcnt, avx, avx2, aes, clmul, erms, 3dnowpref, lzcnt, ht, tsc, tscinvbit, bmi1, bmi2, adx

Memory: 4k page, physical 4107980k(231664k free), swap 7873224k(4856k free)

vm_info: Java HotSpot(TM) 64-Bit Server VM (25.144-b01) for windows-amd64 JRE (1.8.0_144-b01), built on Jul 21 2017 21:57:33 by "java_re" with MS VC++ 10.0 (VS2010)

time: Mon Sep 11 14:39:50 2017
elapsed time: 15 seconds (0d 0h 0m 15s)

